# JRE version: OpenJDK Runtime Environment (8.0_242-b01) (build 1.8.0_242-release-1644-b01)
# Java VM: OpenJDK 64-Bit Server VM (25.242-b01 mixed mode windows-amd64 compressed oops)
Heap:
 PSYoungGen      total 242176K, used 104397K [0x00000000d5580000, 0x00000000e7c80000, 0x0000000100000000)
  eden space 218112K, 46% used [0x00000000d5580000,0x00000000db7b6390,0x00000000e2a80000)
  from space 24064K, 15% used [0x00000000e4d80000,0x00000000e513d3b0,0x00000000e6500000)
  to   space 35840K, 0% used [0x00000000e2a80000,0x00000000e2a80000,0x00000000e4d80000)
 ParOldGen       total 74752K, used 74294K [0x0000000080000000, 0x0000000084900000, 0x00000000d5580000)
  object space 74752K, 99% used [0x0000000080000000,0x000000008488d840,0x0000000084900000)
 Metaspace       used 90064K, capacity 94424K, committed 94640K, reserved 1130496K
  class space    used 12050K, capacity 12955K, committed 12976K, reserved 1048576K
GC Heap History (10 events):
Event: 208.639 GC heap before
{Heap before GC invocations=22 (full 3):
 PSYoungGen      total 185344K, used 178777K [0x00000000d5580000, 0x00000000e1c80000, 0x0000000100000000)
  eden space 171008K, 100% used [0x00000000d5580000,0x00000000dfc80000,0x00000000dfc80000)
  from space 14336K, 54% used [0x00000000e0e80000,0x00000000e16165b8,0x00000000e1c80000)
  to   space 16384K, 0% used [0x00000000dfc80000,0x00000000dfc80000,0x00000000e0c80000)
 ParOldGen       total 73728K, used 43690K [0x0000000080000000, 0x0000000084800000, 0x00000000d5580000)
  object space 73728K, 59% used [0x0000000080000000,0x0000000082aaaa10,0x0000000084800000)
 Metaspace       used 73352K, capacity 76732K, committed 76976K, reserved 1116160K
  class space    used 9929K, capacity 10617K, committed 10672K, reserved 1048576K
Event: 208.689 GC heap after
Heap after GC invocations=22 (full 3):
 PSYoungGen      total 187392K, used 11847K [0x00000000d5580000, 0x00000000e3d80000, 0x0000000100000000)
  eden space 171008K, 0% used [0x00000000d5580000,0x00000000d5580000,0x00000000dfc80000)
  from space 16384K, 72% used [0x00000000dfc80000,0x00000000e0811fb0,0x00000000e0c80000)
  to   space 16896K, 0% used [0x00000000e2d00000,0x00000000e2d00000,0x00000000e3d80000)
 ParOldGen       total 73728K, used 48065K [0x0000000080000000, 0x0000000084800000, 0x00000000d5580000)
  object space 73728K, 65% used [0x0000000080000000,0x0000000082ef04a0,0x0000000084800000)
 Metaspace       used 73352K, capacity 76732K, committed 76976K, reserved 1116160K
  class space    used 9929K, capacity 10617K, committed 10672K, reserved 1048576K
}
Event: 351.950 GC heap before
{Heap before GC invocations=23 (full 3):
 PSYoungGen      total 187392K, used 182855K [0x00000000d5580000, 0x00000000e3d80000, 0x0000000100000000)
  eden space 171008K, 100% used [0x00000000d5580000,0x00000000dfc80000,0x00000000dfc80000)
  from space 16384K, 72% used [0x00000000dfc80000,0x00000000e0811fb0,0x00000000e0c80000)
  to   space 16896K, 0% used [0x00000000e2d00000,0x00000000e2d00000,0x00000000e3d80000)
 ParOldGen       total 73728K, used 48065K [0x0000000080000000, 0x0000000084800000, 0x00000000d5580000)
  object space 73728K, 65% used [0x0000000080000000,0x0000000082ef04a0,0x0000000084800000)
 Metaspace       used 75034K, capacity 78342K, committed 78640K, reserved 1118208K
  class space    used 10009K, capacity 10698K, committed 10800K, reserved 1048576K
Event: 352.007 GC heap after
Heap after GC invocations=23 (full 3):
 PSYoungGen      total 216064K, used 16301K [0x00000000d5580000, 0x00000000e3e00000, 0x0000000100000000)
  eden space 199168K, 0% used [0x00000000d5580000,0x00000000d5580000,0x00000000e1800000)
  from space 16896K, 96% used [0x00000000e2d00000,0x00000000e3ceb7d0,0x00000000e3d80000)
  to   space 19456K, 0% used [0x00000000e1800000,0x00000000e1800000,0x00000000e2b00000)
 ParOldGen       total 73728K, used 48073K [0x0000000080000000, 0x0000000084800000, 0x00000000d5580000)
  object space 73728K, 65% used [0x0000000080000000,0x0000000082ef24a0,0x0000000084800000)
 Metaspace       used 75034K, capacity 78342K, committed 78640K, reserved 1118208K
  class space    used 10009K, capacity 10698K, committed 10800K, reserved 1048576K
}
Event: 1067.769 GC heap before
{Heap before GC invocations=24 (full 3):
 PSYoungGen      total 216064K, used 215469K [0x00000000d5580000, 0x00000000e3e00000, 0x0000000100000000)
  eden space 199168K, 100% used [0x00000000d5580000,0x00000000e1800000,0x00000000e1800000)
  from space 16896K, 96% used [0x00000000e2d00000,0x00000000e3ceb7d0,0x00000000e3d80000)
  to   space 19456K, 0% used [0x00000000e1800000,0x00000000e1800000,0x00000000e2b00000)
 ParOldGen       total 73728K, used 48073K [0x0000000080000000, 0x0000000084800000, 0x00000000d5580000)
  object space 73728K, 65% used [0x0000000080000000,0x0000000082ef24a0,0x0000000084800000)
 Metaspace       used 81263K, capacity 84828K, committed 85040K, reserved 1122304K
  class space    used 10729K, capacity 11501K, committed 11568K, reserved 1048576K
Event: 1070.936 GC heap after
Heap after GC invocations=24 (full 3):
 PSYoungGen      total 218624K, used 19439K [0x00000000d5580000, 0x00000000e6500000, 0x0000000100000000)
  eden space 199168K, 0% used [0x00000000d5580000,0x00000000d5580000,0x00000000e1800000)
  from space 19456K, 99% used [0x00000000e1800000,0x00000000e2afbe50,0x00000000e2b00000)
  to   space 24064K, 0% used [0x00000000e4d80000,0x00000000e4d80000,0x00000000e6500000)
 ParOldGen       total 73728K, used 53784K [0x0000000080000000, 0x0000000084800000, 0x00000000d5580000)
  object space 73728K, 72% used [0x0000000080000000,0x0000000083486308,0x0000000084800000)
 Metaspace       used 81263K, capacity 84828K, committed 85040K, reserved 1122304K
  class space    used 10729K, capacity 11501K, committed 11568K, reserved 1048576K
}
Event: 1126.147 GC heap before
{Heap before GC invocations=25 (full 3):
 PSYoungGen      total 218624K, used 218607K [0x00000000d5580000, 0x00000000e6500000, 0x0000000100000000)
  eden space 199168K, 100% used [0x00000000d5580000,0x00000000e1800000,0x00000000e1800000)
  from space 19456K, 99% used [0x00000000e1800000,0x00000000e2afbe50,0x00000000e2b00000)
  to   space 24064K, 0% used [0x00000000e4d80000,0x00000000e4d80000,0x00000000e6500000)
 ParOldGen       total 73728K, used 53784K [0x0000000080000000, 0x0000000084800000, 0x00000000d5580000)
  object space 73728K, 72% used [0x0000000080000000,0x0000000083486308,0x0000000084800000)
 Metaspace       used 88215K, capacity 92392K, committed 92592K, reserved 1128448K
  class space    used 11766K, capacity 12619K, committed 12720K, reserved 1048576K
Event: 1126.511 GC heap after
Heap after GC invocations=25 (full 3):
 PSYoungGen      total 242176K, used 24057K [0x00000000d5580000, 0x00000000e7c80000, 0x0000000100000000)
  eden space 218112K, 0% used [0x00000000d5580000,0x00000000d5580000,0x00000000e2a80000)
  from space 24064K, 99% used [0x00000000e4d80000,0x00000000e64fe6b8,0x00000000e6500000)
  to   space 35840K, 0% used [0x00000000e2a80000,0x00000000e2a80000,0x00000000e4d80000)
 ParOldGen       total 74752K, used 74718K [0x0000000080000000, 0x0000000084900000, 0x00000000d5580000)
  object space 74752K, 99% used [0x0000000080000000,0x00000000848f7bc0,0x0000000084900000)
 Metaspace       used 88215K, capacity 92392K, committed 92592K, reserved 1128448K
  class space    used 11766K, capacity 12619K, committed 12720K, reserved 1048576K
}
Event: 1126.568 GC heap before
{Heap before GC invocations=26 (full 4):
 PSYoungGen      total 242176K, used 24057K [0x00000000d5580000, 0x00000000e7c80000, 0x0000000100000000)
  eden space 218112K, 0% used [0x00000000d5580000,0x00000000d5580000,0x00000000e2a80000)
  from space 24064K, 99% used [0x00000000e4d80000,0x00000000e64fe6b8,0x00000000e6500000)
  to   space 35840K, 0% used [0x00000000e2a80000,0x00000000e2a80000,0x00000000e4d80000)
 ParOldGen       total 74752K, used 74718K [0x0000000080000000, 0x0000000084900000, 0x00000000d5580000)
  object space 74752K, 99% used [0x0000000080000000,0x00000000848f7bc0,0x0000000084900000)
 Metaspace       used 88215K, capacity 92392K, committed 92592K, reserved 1128448K
  class space    used 11766K, capacity 12619K, committed 12720K, reserved 1048576K
Event: 1205.017 GC heap after
Heap after GC invocations=26 (full 4):
 PSYoungGen      total 242176K, used 3828K [0x00000000d5580000, 0x00000000e7c80000, 0x0000000100000000)
  eden space 218112K, 0% used [0x00000000d5580000,0x00000000d5580000,0x00000000e2a80000)
  from space 24064K, 15% used [0x00000000e4d80000,0x00000000e513d3b0,0x00000000e6500000)
  to   space 35840K, 0% used [0x00000000e2a80000,0x00000000e2a80000,0x00000000e4d80000)
 ParOldGen       total 74752K, used 74294K [0x0000000080000000, 0x0000000084900000, 0x00000000d5580000)
  object space 74752K, 99% used [0x0000000080000000,0x000000008488d840,0x0000000084900000)
 Metaspace       used 88102K, capacity 92064K, committed 92592K, reserved 1128448K
  class space    used 11730K, capacity 12555K, committed 12720K, reserved 1048576K
}

